{"/home/pedro/Documents/local/diplomado/modulo1/task-manager-react--ts/backend/src/app.ts": {"path":"/home/pedro/Documents/local/diplomado/modulo1/task-manager-react--ts/backend/src/app.ts","statementMap":{"0":{"start":{"line":5,"column":6},"end":{"line":5,"column":21}},"1":{"start":{"line":7,"column":0},"end":{"line":7,"column":null}},"2":{"start":{"line":8,"column":0},"end":{"line":8,"column":null}},"3":{"start":{"line":10,"column":0},"end":{"line":10,"column":null}},"4":{"start":{"line":12,"column":0},"end":{"line":14,"column":null}},"5":{"start":{"line":13,"column":2},"end":{"line":13,"column":null}}},"fnMap":{"0":{"name":"(anonymous_0)","decl":{"start":{"line":12,"column":8},"end":{"line":12,"column":14}},"loc":{"start":{"line":12,"column":28},"end":{"line":14,"column":null}},"line":12}},"branchMap":{},"s":{"0":1,"1":1,"2":1,"3":1,"4":1,"5":0},"f":{"0":0},"b":{},"meta":{"lastBranch":0,"lastFunction":1,"lastStatement":6,"seen":{"s:5:6:5:21":0,"s:7:0:7:Infinity":1,"s:8:0:8:Infinity":2,"s:10:0:10:Infinity":3,"s:12:0:14:Infinity":4,"f:12:8:12:14":0,"s:13:2:13:Infinity":5},"fnNames":{}}}
,"/home/pedro/Documents/local/diplomado/modulo1/task-manager-react--ts/backend/src/controllers/tasks.controller.ts": {"path":"/home/pedro/Documents/local/diplomado/modulo1/task-manager-react--ts/backend/src/controllers/tasks.controller.ts","statementMap":{"0":{"start":{"line":3,"column":24},"end":{"line":13,"column":null}},"1":{"start":{"line":4,"column":4},"end":{"line":13,"column":null}},"2":{"start":{"line":5,"column":22},"end":{"line":9,"column":10}},"3":{"start":{"line":10,"column":8},"end":{"line":10,"column":null}},"4":{"start":{"line":12,"column":8},"end":{"line":12,"column":null}},"5":{"start":{"line":13,"column":8},"end":{"line":13,"column":null}},"6":{"start":{"line":17,"column":26},"end":{"line":39,"column":null}},"7":{"start":{"line":19,"column":4},"end":{"line":39,"column":null}},"8":{"start":{"line":20,"column":24},"end":{"line":24,"column":null}},"9":{"start":{"line":27,"column":8},"end":{"line":28,"column":null}},"10":{"start":{"line":28,"column":12},"end":{"line":28,"column":null}},"11":{"start":{"line":34,"column":25},"end":{"line":34,"column":null}},"12":{"start":{"line":36,"column":8},"end":{"line":36,"column":null}},"13":{"start":{"line":38,"column":8},"end":{"line":38,"column":null}},"14":{"start":{"line":39,"column":8},"end":{"line":39,"column":null}},"15":{"start":{"line":43,"column":26},"end":{"line":52,"column":null}},"16":{"start":{"line":44,"column":4},"end":{"line":52,"column":null}},"17":{"start":{"line":45,"column":23},"end":{"line":45,"column":null}},"18":{"start":{"line":47,"column":8},"end":{"line":49,"column":null}},"19":{"start":{"line":50,"column":8},"end":{"line":50,"column":null}},"20":{"start":{"line":52,"column":8},"end":{"line":52,"column":null}},"21":{"start":{"line":56,"column":26},"end":{"line":71,"column":null}},"22":{"start":{"line":57,"column":4},"end":{"line":71,"column":null}},"23":{"start":{"line":58,"column":23},"end":{"line":58,"column":null}},"24":{"start":{"line":59,"column":32},"end":{"line":59,"column":null}},"25":{"start":{"line":61,"column":28},"end":{"line":66,"column":10}},"26":{"start":{"line":68,"column":8},"end":{"line":68,"column":null}},"27":{"start":{"line":71,"column":8},"end":{"line":71,"column":null}}},"fnMap":{"0":{"name":"(anonymous_0)","decl":{"start":{"line":3,"column":24},"end":{"line":3,"column":31}},"loc":{"start":{"line":3,"column":54},"end":{"line":13,"column":null}},"line":3},"1":{"name":"(anonymous_1)","decl":{"start":{"line":17,"column":26},"end":{"line":17,"column":33}},"loc":{"start":{"line":17,"column":56},"end":{"line":39,"column":null}},"line":17},"2":{"name":"(anonymous_2)","decl":{"start":{"line":43,"column":26},"end":{"line":43,"column":33}},"loc":{"start":{"line":43,"column":56},"end":{"line":52,"column":null}},"line":43},"3":{"name":"(anonymous_3)","decl":{"start":{"line":56,"column":26},"end":{"line":56,"column":33}},"loc":{"start":{"line":56,"column":56},"end":{"line":71,"column":null}},"line":56}},"branchMap":{"0":{"loc":{"start":{"line":27,"column":8},"end":{"line":28,"column":null}},"type":"if","locations":[{"start":{"line":27,"column":8},"end":{"line":28,"column":null}},{"start":{},"end":{}}],"line":27},"1":{"loc":{"start":{"line":27,"column":11},"end":{"line":27,"column":69}},"type":"binary-expr","locations":[{"start":{"line":27,"column":11},"end":{"line":27,"column":41}},{"start":{"line":27,"column":41},"end":{"line":27,"column":69}}],"line":27},"2":{"loc":{"start":{"line":64,"column":19},"end":{"line":64,"column":51}},"type":"binary-expr","locations":[{"start":{"line":64,"column":19},"end":{"line":64,"column":42}},{"start":{"line":64,"column":42},"end":{"line":64,"column":51}}],"line":64}},"s":{"0":1,"1":0,"2":0,"3":0,"4":0,"5":0,"6":1,"7":1,"8":1,"9":1,"10":1,"11":0,"12":0,"13":0,"14":0,"15":1,"16":0,"17":0,"18":0,"19":0,"20":0,"21":1,"22":0,"23":0,"24":0,"25":0,"26":0,"27":0},"f":{"0":0,"1":1,"2":0,"3":0},"b":{"0":[1,0],"1":[1,0],"2":[0,0]},"meta":{"lastBranch":3,"lastFunction":4,"lastStatement":28,"seen":{"s:3:24:13:Infinity":0,"f:3:24:3:31":0,"s:4:4:13:Infinity":1,"s:5:22:9:10":2,"s:10:8:10:Infinity":3,"s:12:8:12:Infinity":4,"s:13:8:13:Infinity":5,"s:17:26:39:Infinity":6,"f:17:26:17:33":1,"s:19:4:39:Infinity":7,"s:20:24:24:Infinity":8,"b:27:8:28:Infinity:undefined:undefined:undefined:undefined":0,"s:27:8:28:Infinity":9,"b:27:11:27:41:27:41:27:69":1,"s:28:12:28:Infinity":10,"s:34:25:34:Infinity":11,"s:36:8:36:Infinity":12,"s:38:8:38:Infinity":13,"s:39:8:39:Infinity":14,"s:43:26:52:Infinity":15,"f:43:26:43:33":2,"s:44:4:52:Infinity":16,"s:45:23:45:Infinity":17,"s:47:8:49:Infinity":18,"s:50:8:50:Infinity":19,"s:52:8:52:Infinity":20,"s:56:26:71:Infinity":21,"f:56:26:56:33":3,"s:57:4:71:Infinity":22,"s:58:23:58:Infinity":23,"s:59:32:59:Infinity":24,"s:61:28:66:10":25,"b:64:19:64:42:64:42:64:51":2,"s:68:8:68:Infinity":26,"s:71:8:71:Infinity":27},"fnNames":{}}}
,"/home/pedro/Documents/local/diplomado/modulo1/task-manager-react--ts/backend/src/lib/prisma.ts": {"path":"/home/pedro/Documents/local/diplomado/modulo1/task-manager-react--ts/backend/src/lib/prisma.ts","statementMap":{"0":{"start":{"line":6,"column":0},"end":{"line":6,"column":null}},"1":{"start":{"line":7,"column":13},"end":{"line":11,"column":4}},"2":{"start":{"line":13,"column":0},"end":{"line":15,"column":null}},"3":{"start":{"line":14,"column":2},"end":{"line":14,"column":null}},"4":{"start":{"line":17,"column":16},"end":{"line":17,"column":34}},"5":{"start":{"line":20,"column":22},"end":{"line":20,"column":null}}},"fnMap":{"0":{"name":"(anonymous_0)","decl":{"start":{"line":13,"column":8},"end":{"line":13,"column":18}},"loc":{"start":{"line":13,"column":26},"end":{"line":15,"column":null}},"line":13}},"branchMap":{},"s":{"0":1,"1":1,"2":1,"3":0,"4":1,"5":1},"f":{"0":0},"b":{},"meta":{"lastBranch":0,"lastFunction":1,"lastStatement":6,"seen":{"s:6:0:6:Infinity":0,"s:7:13:11:4":1,"s:13:0:15:Infinity":2,"f:13:8:13:18":0,"s:14:2:14:Infinity":3,"s:17:16:17:34":4,"s:20:22:20:Infinity":5},"fnNames":{}}}
,"/home/pedro/Documents/local/diplomado/modulo1/task-manager-react--ts/backend/src/routes/tasks.routes.ts": {"path":"/home/pedro/Documents/local/diplomado/modulo1/task-manager-react--ts/backend/src/routes/tasks.routes.ts","statementMap":{"0":{"start":{"line":9,"column":15},"end":{"line":9,"column":31}},"1":{"start":{"line":11,"column":0},"end":{"line":11,"column":null}},"2":{"start":{"line":12,"column":0},"end":{"line":12,"column":null}},"3":{"start":{"line":13,"column":0},"end":{"line":13,"column":null}},"4":{"start":{"line":14,"column":0},"end":{"line":14,"column":null}}},"fnMap":{},"branchMap":{},"s":{"0":1,"1":1,"2":1,"3":1,"4":1},"f":{},"b":{},"meta":{"lastBranch":0,"lastFunction":0,"lastStatement":5,"seen":{"s:9:15:9:31":0,"s:11:0:11:Infinity":1,"s:12:0:12:Infinity":2,"s:13:0:13:Infinity":3,"s:14:0:14:Infinity":4},"fnNames":{}}}
,"/home/pedro/Documents/local/diplomado/modulo1/task-manager-react--ts/src/componentes/TaskInput/TaskInput.tsx": {"path":"/home/pedro/Documents/local/diplomado/modulo1/task-manager-react--ts/src/componentes/TaskInput/TaskInput.tsx","statementMap":{"0":{"start":{"line":11,"column":17},"end":{"line":15,"column":6}},"1":{"start":{"line":17,"column":10},"end":{"line":23,"column":null}},"2":{"start":{"line":18,"column":8},"end":{"line":19,"column":null}},"3":{"start":{"line":19,"column":12},"end":{"line":19,"column":null}},"4":{"start":{"line":22,"column":8},"end":{"line":22,"column":null}},"5":{"start":{"line":23,"column":8},"end":{"line":23,"column":null}},"6":{"start":{"line":26,"column":10},"end":{"line":27,"column":null}},"7":{"start":{"line":27,"column":8},"end":{"line":27,"column":null}},"8":{"start":{"line":30,"column":4},"end":{"line":45,"column":null}},"9":{"start":{"line":36,"column":33},"end":{"line":36,"column":61}}},"fnMap":{"0":{"name":"TaskInput","decl":{"start":{"line":9,"column":24},"end":{"line":9,"column":34}},"loc":{"start":{"line":9,"column":47},"end":{"line":45,"column":null}},"line":9},"1":{"name":"(anonymous_1)","decl":{"start":{"line":17,"column":10},"end":{"line":17,"column":35}},"loc":{"start":{"line":17,"column":35},"end":{"line":23,"column":null}},"line":17},"2":{"name":"(anonymous_2)","decl":{"start":{"line":26,"column":10},"end":{"line":26,"column":26}},"loc":{"start":{"line":26,"column":42},"end":{"line":27,"column":null}},"line":26},"3":{"name":"(anonymous_3)","decl":{"start":{"line":36,"column":16},"end":{"line":36,"column":27}},"loc":{"start":{"line":36,"column":33},"end":{"line":36,"column":61}},"line":36}},"branchMap":{"0":{"loc":{"start":{"line":18,"column":8},"end":{"line":19,"column":null}},"type":"if","locations":[{"start":{"line":18,"column":8},"end":{"line":19,"column":null}},{"start":{},"end":{}}],"line":18}},"s":{"0":14,"1":14,"2":2,"3":1,"4":1,"5":1,"6":14,"7":11,"8":14,"9":11},"f":{"0":14,"1":2,"2":11,"3":11},"b":{"0":[1,1]},"meta":{"lastBranch":1,"lastFunction":4,"lastStatement":10,"seen":{"f:9:24:9:34":0,"s:11:17:15:6":0,"s:17:10:23:Infinity":1,"f:17:10:17:35":1,"b:18:8:19:Infinity:undefined:undefined:undefined:undefined":0,"s:18:8:19:Infinity":2,"s:19:12:19:Infinity":3,"s:22:8:22:Infinity":4,"s:23:8:23:Infinity":5,"s:26:10:27:Infinity":6,"f:26:10:26:26":2,"s:27:8:27:Infinity":7,"s:30:4:45:Infinity":8,"f:36:16:36:27":3,"s:36:33:36:61":9},"fnNames":{}}}
,"/home/pedro/Documents/local/diplomado/modulo1/task-manager-react--ts/src/utils/formatDate.ts": {"path":"/home/pedro/Documents/local/diplomado/modulo1/task-manager-react--ts/src/utils/formatDate.ts","statementMap":{"0":{"start":{"line":2,"column":4},"end":{"line":2,"column":null}},"1":{"start":{"line":2,"column":21},"end":{"line":2,"column":null}},"2":{"start":{"line":4,"column":17},"end":{"line":4,"column":37}},"3":{"start":{"line":6,"column":16},"end":{"line":6,"column":58}},"4":{"start":{"line":7,"column":10},"end":{"line":7,"column":67}},"5":{"start":{"line":8,"column":17},"end":{"line":8,"column":35}},"6":{"start":{"line":9,"column":18},"end":{"line":9,"column":61}},"7":{"start":{"line":10,"column":20},"end":{"line":10,"column":65}},"8":{"start":{"line":11,"column":20},"end":{"line":11,"column":65}},"9":{"start":{"line":13,"column":4},"end":{"line":13,"column":null}}},"fnMap":{"0":{"name":"formatDate","decl":{"start":{"line":1,"column":16},"end":{"line":1,"column":27}},"loc":{"start":{"line":1,"column":56},"end":{"line":13,"column":null}},"line":1}},"branchMap":{"0":{"loc":{"start":{"line":2,"column":4},"end":{"line":2,"column":null}},"type":"if","locations":[{"start":{"line":2,"column":4},"end":{"line":2,"column":null}},{"start":{},"end":{}}],"line":2}},"s":{"0":2,"1":1,"2":1,"3":1,"4":1,"5":1,"6":1,"7":1,"8":1,"9":1},"f":{"0":2},"b":{"0":[1,1]},"meta":{"lastBranch":1,"lastFunction":1,"lastStatement":10,"seen":{"f:1:16:1:27":0,"b:2:4:2:Infinity:undefined:undefined:undefined:undefined":0,"s:2:4:2:Infinity":0,"s:2:21:2:Infinity":1,"s:4:17:4:37":2,"s:6:16:6:58":3,"s:7:10:7:67":4,"s:8:17:8:35":5,"s:9:18:9:61":6,"s:10:20:10:65":7,"s:11:20:11:65":8,"s:13:4:13:Infinity":9},"fnNames":{}}}
}
